<?xml version="1.0" encoding="UTF-8"?>
<!-- Generated by org.testng.reporters.JUnitReportReporter -->
<testsuite hostname="prashant" failures="0" tests="1" name="testcases.LostYourPasswordTest" time="23.384" errors="0" timestamp="2024-03-17T16:03:47 IST" skipped="0">
  <testcase classname="testcases.LostYourPasswordTest" name="verifyLostYourPasswordLink" time="23.384"/>
</testsuite> <!-- testcases.LostYourPasswordTest -->
